<?xml version="1.0" encoding="UTF-8"?>
<testng-results ignored="0" total="2" passed="2" failed="0" skipped="0">
  <reporter-output>
  </reporter-output>
  <suite started-at="2026-01-30T09:50:59 IST" name="Suite" finished-at="2026-01-30T09:51:37 IST" duration-ms="38198">
    <groups>
    </groups>
    <test started-at="2026-01-30T09:50:59 IST" name="Test" finished-at="2026-01-30T09:51:37 IST" duration-ms="38198">
      <class name="AutoamteApp.HomePage">
        <test-method signature="test()[pri:0, instance:AutoamteApp.HomePage@5c6648b0]" started-at="2026-01-30T09:50:59 IST" name="test" finished-at="2026-01-30T09:51:15 IST" duration-ms="16240" status="PASS">
          <reporter-output>
          </reporter-output>
        </test-method> <!-- test -->
      </class> <!-- AutoamteApp.HomePage -->
      <class name="AutoamteApp.AboutPage">
        <test-method signature="test()[pri:0, instance:AutoamteApp.AboutPage@4c583ecf]" started-at="2026-01-30T09:51:15 IST" name="test" finished-at="2026-01-30T09:51:37 IST" duration-ms="21763" status="PASS">
          <reporter-output>
          </reporter-output>
        </test-method> <!-- test -->
      </class> <!-- AutoamteApp.AboutPage -->
    </test> <!-- Test -->
  </suite> <!-- Suite -->
</testng-results>
